<?xml version="1.0" encoding="UTF-8"?>
<testsuite xmlns:xsi="http://www.w3.org/2001/XMLSchema-instance" xsi:noNamespaceSchemaLocation="https://maven.apache.org/surefire/maven-surefire-plugin/xsd/surefire-test-report-3.0.xsd" version="3.0" name="com.irestaurant.iPortalAPI.steps.CucumberTestRunner" time="3.012" tests="24" errors="0" skipped="0" failures="0">
  <properties>
[...]
</properties>
  <testcase name="Calculate total expenses for a specific branch" classname="Account Service Financial Analytics" time="1.182"/>
  <testcase name="Measure net profit for a branch" classname="Account Service Financial Analytics" time="0.037"/>
  <testcase name="Generate Performance Heatmap sorted by profit" classname="Account Service Financial Analytics" time="0.028"/>
  <testcase name="User Login request via STOMP" classname="Controller Acceptance Tests - Authentication and Account Management" time="1.32">
    <system-out><![CDATA[15:12:40,590 |-INFO in ch.qos.logback.classic.LoggerContext[default] - This is logback-classic version 1.4.7
15:12:40,628 |-INFO in ch.qos.logback.classic.LoggerContext[default] - Could NOT find resource [logback-test.xml]
15:12:40,629 |-INFO in ch.qos.logback.classic.LoggerContext[default] - Found resource [logback.xml] at [file:/C:/Data/Freelancing/iRestaurant/App/Prod/iPortalAPI-Prod/iPortalAPI/target/classes/logback.xml]
15:12:40,906 |-INFO in ch.qos.logback.core.model.processor.AppenderModelHandler - Processing appender named [CONSOLE]
15:12:40,906 |-INFO in ch.qos.logback.core.model.processor.AppenderModelHandler - About to instantiate appender of type [ch.qos.logback.core.ConsoleAppender]
15:12:40,941 |-INFO in ch.qos.logback.core.model.processor.ImplicitModelHandler - Assuming default type [ch.qos.logback.classic.encoder.PatternLayoutEncoder] for [encoder] property
15:12:41,015 |-INFO in ch.qos.logback.core.model.processor.AppenderModelHandler - Processing appender named [ERROR_FILE]
15:12:41,015 |-INFO in ch.qos.logback.core.model.processor.AppenderModelHandler - About to instantiate appender of type [ch.qos.logback.core.rolling.RollingFileAppender]
15:12:41,020 |-WARN in ch.qos.logback.core.model.processor.ImplicitModelHandler - Ignoring unknown property [createMissingDirectories] in [ch.qos.logback.core.rolling.RollingFileAppender]
15:12:41,026 |-INFO in ch.qos.logback.core.rolling.FixedWindowRollingPolicy@5649d11a - No compression will be used
15:12:41,028 |-INFO in ch.qos.logback.core.model.processor.ImplicitModelHandler - Assuming default type [ch.qos.logback.classic.encoder.PatternLayoutEncoder] for [encoder] property
15:12:41,029 |-INFO in ch.qos.logback.core.rolling.RollingFileAppender[ERROR_FILE] - Active log file name: /var/objectbox-sync/logs/error.log
15:12:41,029 |-INFO in ch.qos.logback.core.rolling.RollingFileAppender[ERROR_FILE] - File property is set to [/var/objectbox-sync/logs/error.log]
15:12:41,030 |-INFO in ch.qos.logback.classic.model.processor.RootLoggerModelHandler - Setting level of ROOT logger to INFO
15:12:41,030 |-INFO in ch.qos.logback.core.model.processor.AppenderRefModelHandler - Attaching appender named [CONSOLE] to Logger[ROOT]
15:12:41,031 |-INFO in ch.qos.logback.core.model.processor.AppenderRefModelHandler - Attaching appender named [ERROR_FILE] to Logger[ROOT]
15:12:41,031 |-INFO in ch.qos.logback.core.model.processor.DefaultProcessor@294f9d50 - End of configuration.
15:12:41,031 |-INFO in ch.qos.logback.classic.joran.JoranConfigurator@27443560 - Registering current configuration as safe fallback point

]]></system-out>
  </testcase>
  <testcase name="User Registration request via STOMP" classname="Controller Acceptance Tests - Authentication and Account Management" time="0.047">
    <system-out><![CDATA[2026-03-13 15:12:41.213 [main] INFO  c.i.i.controller.AuthController - Secured registration by user: null
]]></system-out>
  </testcase>
  <testcase name="Retrieve Sales Gadgets via STOMP" classname="Controller Acceptance Tests - Authentication and Account Management" time="0.023"/>
  <testcase name="Performance Heatmap request via STOMP" classname="Controller Acceptance Tests - Authentication and Account Management" time="0.015"/>
  <testcase name="Fetch Unique Branches" classname="Order Controller Operational Acceptance" time="0.089">
    <system-out><![CDATA[2026-03-13 15:12:41.353 [main] ERROR c.i.i.controller.OrderController - ***************** getUniqueBranchIds started *****************
]]></system-out>
  </testcase>
  <testcase name="Fetch Recent Orders" classname="Order Controller Operational Acceptance" time="0.018"/>
  <testcase name="Fetch Best Performing Branch" classname="Order Controller Operational Acceptance" time="0.017"/>
  <testcase name="Retrieve unique branch identifiers" classname="Order Service Management and Metrics" time="0.006"/>
  <testcase name="Fetch recent orders with a limit" classname="Order Service Management and Metrics" time="0.007"/>
  <testcase name="Rank top-selling items globally" classname="Order Service Management and Metrics" time="0.006"/>
  <testcase name="Multi-branch comparison metrics" classname="Order Service Management and Metrics" time="0.01"/>
  <testcase name="Identify the best performing branch" classname="Order Service Management and Metrics" time="0.007"/>
  <testcase name="Measure standard compliance metrics" classname="Order Service Management and Metrics" time="0.012"/>
  <testcase name="Centralized menu performance analysis" classname="Order Service Management and Metrics" time="0.01"/>
  <testcase name="Successful User Registration" classname="User Service Acceptance Tests" time="0.006"/>
  <testcase name="Registration fails for existing email" classname="User Service Acceptance Tests" time="0.01"/>
  <testcase name="Successful User Login" classname="User Service Acceptance Tests" time="0.015"/>
  <testcase name="Login fails with wrong password" classname="User Service Acceptance Tests" time="0.007"/>
  <testcase name="Forgot Password triggers email" classname="User Service Acceptance Tests" time="0.009"/>
  <testcase name="Successful Password Reset" classname="User Service Acceptance Tests" time="0.008"/>
  <testcase name="Password Reset fails with expired token" classname="User Service Acceptance Tests" time="0.005"/>
</testsuite>